<?xml version="1.0" encoding="UTF-8"?>
<testsuite name="BowlingCalculatorTest" tests="1" skipped="0" failures="0" errors="0" timestamp="2024-10-18T08:37:02" hostname="vali-it-4" time="0.023">
  <properties/>
  <testcase name="getResultWithDoubleStrikeEnd()" classname="BowlingCalculatorTest" time="0.023"/>
  <system-out><![CDATA[]]></system-out>
  <system-err><![CDATA[]]></system-err>
</testsuite>
