<?xml version="1.0" encoding="UTF-8"?>
<testsuite name="BowlingCalculatorTest" tests="15" skipped="0" failures="0" errors="0" timestamp="2024-10-17T18:52:57" hostname="15-7537" time="0.249">
  <properties/>
  <testcase name="doubleStrikeEnd()" classname="BowlingCalculatorTest" time="0.068"/>
  <testcase name="oneRoll()" classname="BowlingCalculatorTest" time="0.003"/>
  <testcase name="multipleRolls()" classname="BowlingCalculatorTest" time="0.003"/>
  <testcase name="multipleSpare()" classname="BowlingCalculatorTest" time="0.003"/>
  <testcase name="regularEnd()" classname="BowlingCalculatorTest" time="0.004"/>
  <testcase name="addSpaces()" classname="BowlingCalculatorTest" time="0.009"/>
  <testcase name="oneStrikeEnd()" classname="BowlingCalculatorTest" time="0.004"/>
  <testcase name="multipleFrames()" classname="BowlingCalculatorTest" time="0.005"/>
  <testcase name="multipleStrike()" classname="BowlingCalculatorTest" time="0.005"/>
  <testcase name="fullGame()" classname="BowlingCalculatorTest" time="0.004"/>
  <testcase name="testGetResults()" classname="BowlingCalculatorTest" time="0.053"/>
  <testcase name="oneStrike()" classname="BowlingCalculatorTest" time="0.003"/>
  <testcase name="oneFrame()" classname="BowlingCalculatorTest" time="0.004"/>
  <testcase name="oneSpare()" classname="BowlingCalculatorTest" time="0.004"/>
  <testcase name="spareEnd()" classname="BowlingCalculatorTest" time="0.002"/>
  <system-out><![CDATA[]]></system-out>
  <system-err><![CDATA[]]></system-err>
</testsuite>
