<?xml version="1.0" encoding="UTF-8"?>
<testsuite name="FrameTest" tests="7" skipped="0" failures="0" errors="0" timestamp="2024-10-17T13:06:36" hostname="vali-it-4" time="0.02">
  <properties/>
  <testcase name="scoreToString()" classname="FrameTest" time="0.007"/>
  <testcase name="spareToString()" classname="FrameTest" time="0.002"/>
  <testcase name="frameIsComplete()" classname="FrameTest" time="0.002"/>
  <testcase name="isStrike()" classname="FrameTest" time="0.001"/>
  <testcase name="scoreOfFrame()" classname="FrameTest" time="0.0"/>
  <testcase name="strikeToString()" classname="FrameTest" time="0.001"/>
  <testcase name="isSpare()" classname="FrameTest" time="0.001"/>
  <system-out><![CDATA[]]></system-out>
  <system-err><![CDATA[]]></system-err>
</testsuite>
