<?xml version="1.0" encoding="UTF-8"?>
<testsuite name="BowlingCalculatorTest" tests="13" skipped="0" failures="0" errors="0" timestamp="2024-10-17T12:59:17" hostname="vali-it-4" time="0.043">
  <properties/>
  <testcase name="doubleStrikeEnd()" classname="BowlingCalculatorTest" time="0.014"/>
  <testcase name="oneRoll()" classname="BowlingCalculatorTest" time="0.001"/>
  <testcase name="multipleRolls()" classname="BowlingCalculatorTest" time="0.0"/>
  <testcase name="multipleSpare()" classname="BowlingCalculatorTest" time="0.001"/>
  <testcase name="regularEnd()" classname="BowlingCalculatorTest" time="0.001"/>
  <testcase name="oneStrikeEnd()" classname="BowlingCalculatorTest" time="0.001"/>
  <testcase name="multipleFrames()" classname="BowlingCalculatorTest" time="0.004"/>
  <testcase name="multipleStrike()" classname="BowlingCalculatorTest" time="0.001"/>
  <testcase name="fullGame()" classname="BowlingCalculatorTest" time="0.001"/>
  <testcase name="oneStrike()" classname="BowlingCalculatorTest" time="0.001"/>
  <testcase name="oneFrame()" classname="BowlingCalculatorTest" time="0.0"/>
  <testcase name="oneSpare()" classname="BowlingCalculatorTest" time="0.001"/>
  <testcase name="spareEnd()" classname="BowlingCalculatorTest" time="0.001"/>
  <system-out><![CDATA[]]></system-out>
  <system-err><![CDATA[]]></system-err>
</testsuite>
