<?xml version="1.0" encoding="UTF-8"?>
<testsuite name="FrameTest" tests="8" skipped="0" failures="0" errors="0" timestamp="2024-10-18T08:57:07" hostname="vali-it-4" time="0.014">
  <properties/>
  <testcase name="scoreToString()" classname="FrameTest" time="0.001"/>
  <testcase name="spareToString()" classname="FrameTest" time="0.001"/>
  <testcase name="frameIsComplete()" classname="FrameTest" time="0.001"/>
  <testcase name="isStrike()" classname="FrameTest" time="0.001"/>
  <testcase name="scoreOfFrame()" classname="FrameTest" time="0.0"/>
  <testcase name="strikeToString()" classname="FrameTest" time="0.001"/>
  <testcase name="halfFrameScoreToString()" classname="FrameTest" time="0.0"/>
  <testcase name="isSpare()" classname="FrameTest" time="0.001"/>
  <system-out><![CDATA[]]></system-out>
  <system-err><![CDATA[]]></system-err>
</testsuite>
