<?xml version="1.0" encoding="UTF-8"?>
<testsuite name="FrameTest" tests="8" skipped="0" failures="0" errors="0" timestamp="2024-10-17T18:52:58" hostname="15-7537" time="0.088">
  <properties/>
  <testcase name="scoreToString()" classname="FrameTest" time="0.006"/>
  <testcase name="spareToString()" classname="FrameTest" time="0.009"/>
  <testcase name="frameIsComplete()" classname="FrameTest" time="0.007"/>
  <testcase name="isStrike()" classname="FrameTest" time="0.007"/>
  <testcase name="scoreOfFrame()" classname="FrameTest" time="0.006"/>
  <testcase name="strikeToString()" classname="FrameTest" time="0.006"/>
  <testcase name="halfFrameScoreToString()" classname="FrameTest" time="0.005"/>
  <testcase name="isSpare()" classname="FrameTest" time="0.005"/>
  <system-out><![CDATA[]]></system-out>
  <system-err><![CDATA[]]></system-err>
</testsuite>
